961708 710570 525
796952 767868 468
362037 999348 525
63958 636454 509
175819 864771 525
751678 112213 509
973409 594670 525
875569 944933 507
714376 470402 509
255873 997978 525
192999 615151 470
505893 143884 449
648848 792567 504
447499 108643 449
656033 798011 504
625569 858110 525
385682 740375 509
167292 145676 383
598913 325998 470
579590 374724 470
16665 82234 351
561130 561978 328
245460 370130 441
488885 602661 470
917176 677381 525
843509 817177 525
681707 786542 504
196084 741623 509
776125 698191 504
642677 946861 525
796728 2873 509
252549 630600 509
55209 402995 443
260717 279345 407
788724 198737 509
626771 903203 525
166914 317685 443
831308 187651 509
356552 178588 443
545851 492024 470
516786 766985 509
924945 533647 525
877866 52551 525
208442 19482 383
697877 70307 509
445069 559336 470
862857 154070 525
641030 94693 509
200576 459210 449
563727 298364 470
800802 206810 509
239980 190113 443
998014 554812 525
549899 829936 509
461377 828327 509
293486 12865 443
979987 352798 525
6618 672231 509
326789 632554 509
510287 950520 525
858163 816734 525
830054 190411 509
593177 365265 470
417045 241532 449
941455 781329 525
186281 239343 443
656805 205369 509
482557 51264 449
917726 363829 525
96408 892885 525
924807 106841 525
315875 777530 509
517347 376228 470
889634 291619 525
932584 326357 525
814245 877445 525
715739 326766 509
992840 675783 525
1815 480246 449
108476 839039 525
642469 133523 509
430625 11198 449
915976 652405 525
820808 518620 509
280325 158922 443
291854 440821 449
628365 72010 509
698738 306690 509
372371 153123 443
877438 650873 525
505330 532704 470
241487 518730 470
819982 132273 509
184928 658634 509
932059 88815 525
980436 949663 458
982921 214749 525
687031 328051 509
42513 73856 340
445209 97723 449
